<?xml version="1.0" encoding="UTF-8" ?>
<testsuites>
  <testsuite errors="0" failures="0" hostname="B5070-Lenovo" id="0" name="PhoneChallengeTestSuite" package="com.aconex.phone" skipped="0" tests="38" time="0.282" timestamp="2016-07-21T08:49:20">
      <properties>
[...]
</properties>

      <testcase classname="com.aconex.phone.challenge.validation.InputValidatorTest" name="testIsNumberNull" time="0.02" />

      <testcase classname="com.aconex.phone.challenge.validation.InputValidatorTest" name="testIsNotDigit" time="0.001" />

      <testcase classname="com.aconex.phone.challenge.validation.InputValidatorTest" name="testIsDigitContainedSpace" time="0.0" />

      <testcase classname="com.aconex.phone.challenge.validation.InputValidatorTest" name="testIsNumberEmpty" time="0.0" />

      <testcase classname="com.aconex.phone.challenge.validation.InputValidatorTest" name="testIsDigitContainedSpecialChar" time="0.001" />

      <testcase classname="com.aconex.phone.challenge.validation.InputValidatorTest" name="testIsDigit" time="0.0" />

      <testcase classname="com.aconex.phone.challenge.utils.ParameterUtilsTest" name="testCmdWithFilePath" time="0.003" />

      <testcase classname="com.aconex.phone.challenge.utils.ParameterUtilsTest" name="testDeterminPhoneInputWithOptionArgs" time="0.0" />

      <testcase classname="com.aconex.phone.challenge.utils.ParameterUtilsTest" name="testCmdWithoutArgs" time="0.001" />

      <testcase classname="com.aconex.phone.challenge.utils.ParameterUtilsTest" name="testDeterminPhoneInputWithoutArgsValue" time="0.0" />

      <testcase classname="com.aconex.phone.challenge.utils.ParameterUtilsTest" name="testCmdWithAllArgs" time="0.0" />

      <testcase classname="com.aconex.phone.challenge.utils.ParameterUtilsTest" name="testCmdWithoutArgsValue" time="0.0" />

      <testcase classname="com.aconex.phone.challenge.utils.ParameterUtilsTest" name="testCmdWithOptionArgs" time="0.0" />

      <testcase classname="com.aconex.phone.challenge.utils.ParameterUtilsTest" name="testDeterminPhoneInputWithoutArgs" time="0.0" />

      <testcase classname="com.aconex.phone.challenge.utils.ParameterUtilsTest" name="testCmdWithOptionAndDirArgs" time="0.0" />

      <testcase classname="com.aconex.phone.challenge.utils.ParameterUtilsTest" name="testDeterminPhoneInputWithOptionAndDirArgs" time="0.0" />

      <testcase classname="com.aconex.phone.challenge.utils.FileUtilsTest" name="testDictionaryReaderFilteredUpperWords" time="0.167" />

      <testcase classname="com.aconex.phone.challenge.utils.FileUtilsTest" name="testPhoneFileNotFound" time="0.003" />

      <testcase classname="com.aconex.phone.challenge.utils.FileUtilsTest" name="testDictionaryFileFound" time="0.001" />

      <testcase classname="com.aconex.phone.challenge.utils.FileUtilsTest" name="testPhoneFileFound" time="0.003" />

      <testcase classname="com.aconex.phone.challenge.utils.FileUtilsTest" name="testDictionaryPathEmpty" time="0.0" />

      <testcase classname="com.aconex.phone.challenge.utils.FileUtilsTest" name="testRetrievePhoneListFromFile" time="0.002" />

      <testcase classname="com.aconex.phone.challenge.utils.FileUtilsTest" name="testDictionaryFileNotFound" time="0.001" />

      <testcase classname="com.aconex.phone.challenge.utils.FileUtilsTest" name="testPhonePathEmpty" time="0.001" />

      <testcase classname="com.aconex.phone.challenge.processor.CmdLineProcessorTest" name="testPhoneNumberWithSpecialChar" time="0.004" />

      <testcase classname="com.aconex.phone.challenge.processor.CmdLineProcessorTest" name="testPhoneNumberStartWithLetter" time="0.002" />

      <testcase classname="com.aconex.phone.challenge.processor.CmdLineProcessorTest" name="testValidPhoneNumberWithSpace" time="0.003" />

      <testcase classname="com.aconex.phone.challenge.processor.CmdLineProcessorTest" name="testValidPhoneNumber" time="0.002" />

      <testcase classname="com.aconex.phone.challenge.processor.CmdLineProcessorTest" name="testPhoneNumberWithoutMatch" time="0.001" />

      <testcase classname="com.aconex.phone.challenge.processor.FileProcessorTest" name="testPhoneNumberWithSpecialChar" time="0.002" />

      <testcase classname="com.aconex.phone.challenge.processor.FileProcessorTest" name="testPhoneNumberStartWithLetter" time="0.002" />

      <testcase classname="com.aconex.phone.challenge.processor.FileProcessorTest" name="testValidPhoneNumberWithSpace" time="0.002" />

      <testcase classname="com.aconex.phone.challenge.processor.FileProcessorTest" name="testValidPhoneNumber" time="0.002" />

      <testcase classname="com.aconex.phone.challenge.processor.FileProcessorTest" name="testPhoneNumberWithoutMatch" time="0.002" />

      <testcase classname="com.aconex.phone.challenge.tdd.PhoneNumberConversionTest" name="testInvalidPhoneNumberConversion2" time="0.002" />

      <testcase classname="com.aconex.phone.challenge.tdd.PhoneNumberConversionTest" name="testInvalidPhoneNumberConversion3" time="0.001" />

      <testcase classname="com.aconex.phone.challenge.tdd.PhoneNumberConversionTest" name="testInvalidPhoneNumberConversion" time="0.002" />

      <testcase classname="com.aconex.phone.challenge.tdd.PhoneNumberConversionTest" name="testPhoneNumberConversion" time="0.001" />

      <system-out><![CDATA[Running without phone number file, the program will prompt user to get the phone number from STDIN:

USAGE: java -jar AconexPhoneChallenge.jar  -d <<DIRECTORY_PATH>>

Running with a dictionary and phone number file, you can execute the following command 
where <<DIRECTORY_PATH>> is your dictionary path and <<PHONE_NUMBER_PATH>> is the location of your phone number list 

USAGE: java -jar AconexPhoneChallenge.jar  -d <<DIRECTORY_PATH>> <<PHONE_NUMBER_PATH>>

]]></system-out>

      <system-err><![CDATA[]]></system-err>

  </testsuite>
</testsuites>
